11:11:21 UT  Friday  8 November 2002, Sodankyla Archive s2501.eiscat.sgo.fi
        tape done: 730180: site copy, tau2as cp1 (03Nov02-04Nov02), HF effects,  2002 11 08 11:08, (s2501:2l) 149/4000 Mbytes
 
11:12:47 UT  Friday  8 November 2002, Sodankyla Archive s2501.eiscat.sgo.fi
        tape done: 730181: archive tape, tau2as cp1 (03Nov02-04Nov02), HF effects,  2002 11 08 11:09, (s2501:1l) 149/4000 Mbytes
 
11:27:03 UT  Friday  8 November 2002, Sodankyla Archive s2501.eiscat.sgo.fi
        tape done: 730181: site copy, tau2as cp1 (04Nov02), tau2 AA,  2002 11 08 11:25, (s2501:1l) 218/4000 Mbytes
 
11:30:18 UT  Friday  8 November 2002, Sodankyla Archive s2501.eiscat.sgo.fi
        tape done: 730180: site copy, tau2as cp1 (04Nov02), tau2 AA,  2002 11 08 11:28, (s2501:2l) 218/4000 Mbytes
 
11:39:11 UT  Friday  8 November 2002, Sodankyla Archive s2501.eiscat.sgo.fi
        tape done: 730180: site copy, tau2as cp1 (04Nov02-06Nov02), ff aurora,  2002 11 08 11:34, (s2501:2l) 474/4000 Mbytes
 
11:40:19 UT  Friday  8 November 2002, Sodankyla Archive s2501.eiscat.sgo.fi
        tape done: 730181: archive tape, tau2as cp1 (04Nov02-06Nov02), ff aurora,  2002 11 08 11:35, (s2501:1l) 474/4000 Mbytes
 
12:33:47 UT  Friday  8 November 2002, Sodankyla Archive s2501.eiscat.sgo.fi
12:33:47 UT  Friday  8 November 2002, Sodankyla Archive s2501.eiscat.sgo.fi
,  2002 11 08 12:31, (s2501:1l) 551/4000 Mbytes
 
      tape done: 730180: site copy, arc1-s (04Nov02-07Nov02), ff aurora,  2002 11 08 12:30, (s2501:2l) 551/4000 Mbytes
 
14:52:45 UT  Friday  8 November 2002, Sodankyla eros s2501.eiscat.sgo.fi
        started: /kst/exp/tau2as cp1/tau2as cp1.elan 08-Nov 14:53:00.0
 
15:18:44 UT  Friday  8 November 2002, Sodankyla eros s2501.eiscat.sgo.fi
        Data recording ENABLED
 
17:09:23 UT  Friday  8 November 2002, Sodankyla eros s2501.eiscat.sgo.fi
        Data recording DISABLED
 
18:10:52 UT  Friday  8 November 2002, Sodankyla eros s2501.eiscat.sgo.fi
        done: /kst/exp/tau2as cp1/tau2as cp1.elan
 
18:12:21 UT  Friday  8 November 2002, Sodankyla eros s2501.eiscat.sgo.fi
        started: /kst/exp/arc1-s/arc1-s.elan 08-Nov 18:14:00.0
 
18:14:00 UT  Friday  8 November 2002, Sodankyla eros s2501.eiscat.sgo.fi
        Data recording DISABLED
 
18:20:29 UT  Friday  8 November 2002, Sodankyla eros s2501.eiscat.sgo.fi
        Data recording ENABLED
 
